This file contains any messages produced by compilers while
running configure, to aid debugging if configure makes a mistake.

It was created by sqlcipher configure 3.11.0, which was
generated by GNU Autoconf 2.69.  Invocation command line was

  $ ./configure --enable-tempstore=yes --with-crypto-lib=commoncrypto CFLAGS=-DSQLITE_HAS_CODEC -DSQLITE_TEMP_STORE=2

## --------- ##
## Platform. ##
## --------- ##

hostname = developers-MacBook-Pro.local
uname -m = x86_64
uname -r = 17.7.0
uname -s = Darwin
uname -v = Darwin Kernel Version 17.7.0: Thu Jun 21 22:53:14 PDT 2018; root:xnu-4570.71.2~1/RELEASE_X86_64

/usr/bin/uname -p = i386
/bin/uname -X     = unknown

/bin/arch              = unknown
/usr/bin/arch -k       = unknown
/usr/convex/getsysinfo = unknown
/usr/bin/hostinfo      = Mach kernel version:
	 Darwin Kernel Version 17.7.0: Thu Jun 21 22:53:14 PDT 2018; root:xnu-4570.71.2~1/RELEASE_X86_64
Kernel configured for up to 4 processors.
2 processors are physically available.
4 processors are logically available.
Processor type: x86_64h (Intel x86-64h Haswell)
Processors active: 0 1 2 3
Primary memory available: 8.00 gigabytes
Default processor set: 428 tasks, 1799 threads, 4 processors
Load average: 5.00, Mach factor: 1.00
/bin/machine           = unknown
/usr/bin/oslevel       = unknown
/bin/universe          = unknown

PATH: /Applications/Xcode.app/Contents/Developer/Toolchains/XcodeDefault.xctoolchain/usr/bin
PATH: /Applications/Xcode.app/Contents/Developer/Toolchains/XcodeDefault.xctoolchain/usr/local/bin
PATH: /Applications/Xcode.app/Contents/Developer/Toolchains/XcodeDefault.xctoolchain/usr/libexec
PATH: /Applications/Xcode.app/Contents/Developer/Platforms/iPhoneSimulator.platform/Developer/usr/bin
PATH: /Applications/Xcode.app/Contents/Developer/Platforms/iPhoneSimulator.platform/Developer/usr/local/bin
PATH: /Applications/Xcode.app/Contents/Developer/Platforms/iPhoneSimulator.platform/usr/bin
PATH: /Applications/Xcode.app/Contents/Developer/Platforms/iPhoneSimulator.platform/usr/local/bin
PATH: /Applications/Xcode.app/Contents/Developer/usr/bin
PATH: /Applications/Xcode.app/Contents/Developer/usr/local/bin
PATH: /Applications/Xcode.app/Contents/Developer/Tools
PATH: /usr/local/bin
PATH: /usr/bin
PATH: /bin
PATH: /usr/sbin
PATH: /sbin


## ----------- ##
## Core tests. ##
## ----------- ##

configure:2367: checking build system type
configure:2381: result: i386-apple-darwin17.7.0
configure:2401: checking host system type
configure:2414: result: i386-apple-darwin17.7.0
configure:2455: checking how to print strings
configure:2482: result: printf
configure:2551: checking for gcc
configure:2567: found /Applications/Xcode.app/Contents/Developer/usr/bin/gcc
configure:2578: result: gcc
configure:2807: checking for C compiler version
configure:2816: gcc --version >&5
Apple LLVM version 9.1.0 (clang-902.0.39.2)
Target: x86_64-apple-darwin17.7.0
Thread model: posix
InstalledDir: /Applications/Xcode.app/Contents/Developer/Toolchains/XcodeDefault.xctoolchain/usr/bin
Configured with: --prefix=/Applications/Xcode.app/Contents/Developer/usr --with-gxx-include-dir=/Applications/Xcode.app/Contents/Developer/Platforms/iPhoneSimulator.platform/Developer/SDKs/iPhoneSimulator11.4.sdk/usr/include/c++/4.2.1
configure:2827: $? = 0
configure:2816: gcc -v >&5
Configured with: --prefix=/Applications/Xcode.app/Contents/Developer/usr --with-gxx-include-dir=/Applications/Xcode.app/Contents/Developer/Platforms/iPhoneSimulator.platform/Developer/SDKs/iPhoneSimulator11.4.sdk/usr/include/c++/4.2.1
Apple LLVM version 9.1.0 (clang-902.0.39.2)
Target: x86_64-apple-darwin17.7.0
Thread model: posix
InstalledDir: /Applications/Xcode.app/Contents/Developer/Toolchains/XcodeDefault.xctoolchain/usr/bin
configure:2827: $? = 0
configure:2816: gcc -V >&5
clang: error: argument to '-V' is missing (expected 1 value)
clang: error: no input files
configure:2827: $? = 1
configure:2816: gcc -qversion >&5
clang: error: unknown argument: '-qversion'
clang: error: no input files
configure:2827: $? = 1
configure:2847: checking whether the C compiler works
configure:2869: gcc -DSQLITE_HAS_CODEC -DSQLITE_TEMP_STORE=2   conftest.c  >&5
configure:2873: $? = 0
configure:2921: result: yes
configure:2924: checking for C compiler default output file name
configure:2926: result: a.out
configure:2932: checking for suffix of executables
configure:2939: gcc -o conftest -DSQLITE_HAS_CODEC -DSQLITE_TEMP_STORE=2   conftest.c  >&5
configure:2943: $? = 0
configure:2965: result: 
configure:2987: checking whether we are cross compiling
configure:2995: gcc -o conftest -DSQLITE_HAS_CODEC -DSQLITE_TEMP_STORE=2   conftest.c  >&5
configure:2999: $? = 0
configure:3006: ./conftest
dyld: mach-o, but built for simulator (not macOS)
./configure: line 3008: 17756 Abort trap: 6           ./conftest$ac_cv_exeext
configure:3010: $? = 134
configure:3017: error: in `/Users/developer/Repositories/qliqphone_new/qliqiphone/shared/sqlcipher':
configure:3019: error: cannot run C compiled programs.
If you meant to cross compile, use `--host'.
See `config.log' for more details

## ---------------- ##
## Cache variables. ##
## ---------------- ##

ac_cv_build=i386-apple-darwin17.7.0
ac_cv_env_CC_set=
ac_cv_env_CC_value=
ac_cv_env_CFLAGS_set=set
ac_cv_env_CFLAGS_value='-DSQLITE_HAS_CODEC -DSQLITE_TEMP_STORE=2'
ac_cv_env_CPPFLAGS_set=
ac_cv_env_CPPFLAGS_value=
ac_cv_env_CPP_set=
ac_cv_env_CPP_value=
ac_cv_env_LDFLAGS_set=
ac_cv_env_LDFLAGS_value=
ac_cv_env_LIBS_set=
ac_cv_env_LIBS_value=
ac_cv_env_LT_SYS_LIBRARY_PATH_set=
ac_cv_env_LT_SYS_LIBRARY_PATH_value=
ac_cv_env_TCLLIBDIR_set=
ac_cv_env_TCLLIBDIR_value=
ac_cv_env_build_alias_set=
ac_cv_env_build_alias_value=
ac_cv_env_host_alias_set=
ac_cv_env_host_alias_value=
ac_cv_env_target_alias_set=
ac_cv_env_target_alias_value=
ac_cv_host=i386-apple-darwin17.7.0
ac_cv_prog_ac_ct_CC=gcc

## ----------------- ##
## Output variables. ##
## ----------------- ##

ALLOWRELEASE=''
AR=''
AWK=''
BUILD_CC=''
BUILD_CFLAGS=''
BUILD_EXEEXT=''
CC='gcc'
CFLAGS='-DSQLITE_HAS_CODEC -DSQLITE_TEMP_STORE=2'
CPP=''
CPPFLAGS=''
DEFS=''
DLLTOOL=''
DSYMUTIL=''
DUMPBIN=''
ECHO_C=''
ECHO_N='-n'
ECHO_T=''
EGREP=''
EXEEXT=''
FGREP=''
GREP=''
HAVE_TCL=''
INSTALL_DATA=''
INSTALL_PROGRAM=''
INSTALL_SCRIPT=''
LD=''
LDFLAGS=''
LIBOBJS=''
LIBS=''
LIBTOOL=''
LIPO=''
LN_S=''
LTLIBOBJS=''
LT_SYS_LIBRARY_PATH=''
MANIFEST_TOOL=''
NM=''
NMEDIT=''
OBJDUMP=''
OBJEXT=''
OPT_FEATURE_FLAGS=''
OTOOL64=''
OTOOL=''
PACKAGE_BUGREPORT=''
PACKAGE_NAME='sqlcipher'
PACKAGE_STRING='sqlcipher 3.11.0'
PACKAGE_TARNAME='sqlcipher'
PACKAGE_URL=''
PACKAGE_VERSION='3.11.0'
PATH_SEPARATOR=':'
RANLIB=''
RELEASE=''
SED='/usr/bin/sed'
SHELL='/bin/sh'
SQLITE_OS_UNIX=''
SQLITE_OS_WIN=''
SQLITE_THREADSAFE=''
STRIP=''
TARGET_DEBUG=''
TARGET_EXEEXT=''
TARGET_HAVE_EDITLINE=''
TARGET_HAVE_READLINE=''
TARGET_READLINE_INC=''
TARGET_READLINE_LIBS=''
TCLLIBDIR=''
TCLSH_CMD=''
TCL_BIN_DIR=''
TCL_INCLUDE_SPEC=''
TCL_LIB_FILE=''
TCL_LIB_FLAG=''
TCL_LIB_SPEC=''
TCL_SHLIB_SUFFIX=''
TCL_SRC_DIR=''
TCL_STUB_LIB_FILE=''
TCL_STUB_LIB_FLAG=''
TCL_STUB_LIB_SPEC=''
TCL_VERSION=''
TEMP_STORE=''
USE_AMALGAMATION=''
USE_GCOV=''
VERSION=''
VERSION_NUMBER=''
XTHREADCONNECT=''
ac_ct_AR=''
ac_ct_CC='gcc'
ac_ct_DUMPBIN=''
bindir='${exec_prefix}/bin'
build='i386-apple-darwin17.7.0'
build_alias=''
build_cpu='i386'
build_os='darwin17.7.0'
build_vendor='apple'
datadir='${datarootdir}'
datarootdir='${prefix}/share'
docdir='${datarootdir}/doc/${PACKAGE_TARNAME}'
dvidir='${docdir}'
exec_prefix='NONE'
host='i386-apple-darwin17.7.0'
host_alias=''
host_cpu='i386'
host_os='darwin17.7.0'
host_vendor='apple'
htmldir='${docdir}'
includedir='${prefix}/include'
infodir='${datarootdir}/info'
libdir='${exec_prefix}/lib'
libexecdir='${exec_prefix}/libexec'
localedir='${datarootdir}/locale'
localstatedir='${prefix}/var'
mandir='${datarootdir}/man'
oldincludedir='/usr/include'
pdfdir='${docdir}'
prefix='NONE'
program_prefix='NONE'
program_transform_name='s,x,x,'
psdir='${docdir}'
sbindir='${exec_prefix}/sbin'
sharedstatedir='${prefix}/com'
sysconfdir='${prefix}/etc'
target_alias=''

## ----------- ##
## confdefs.h. ##
## ----------- ##

/* confdefs.h */
#define PACKAGE_NAME "sqlcipher"
#define PACKAGE_TARNAME "sqlcipher"
#define PACKAGE_VERSION "3.11.0"
#define PACKAGE_STRING "sqlcipher 3.11.0"
#define PACKAGE_BUGREPORT ""
#define PACKAGE_URL ""

configure: exit 1
